CRITICAL - 2024-02-02 00:12:00 --> Error: Call to a member function getResult() on bool
in APPPATH\Models\modelHome.php on line 29.
 1 APPPATH\Controllers\Home.php(26): App\Models\modelHome->updateProveedor('5', '1')
 2 SYSTEMPATH\CodeIgniter.php(941): App\Controllers\Home->updateProveedor('5', '1')
 3 SYSTEMPATH\CodeIgniter.php(502): CodeIgniter\CodeIgniter->runController(Object(App\Controllers\Home))
 4 SYSTEMPATH\CodeIgniter.php(361): CodeIgniter\CodeIgniter->handleRequest(null, Object(Config\Cache), false)
 5 FCPATH\index.php(79): CodeIgniter\CodeIgniter->run()
CRITICAL - 2024-02-02 00:17:04 --> Error: Call to a member function getResult() on bool
in APPPATH\Models\modelHome.php on line 29.
 1 APPPATH\Controllers\Home.php(25): App\Models\modelHome->updateProveedor('2', '2')
 2 SYSTEMPATH\CodeIgniter.php(941): App\Controllers\Home->updateProveedor('2', '2')
 3 SYSTEMPATH\CodeIgniter.php(502): CodeIgniter\CodeIgniter->runController(Object(App\Controllers\Home))
 4 SYSTEMPATH\CodeIgniter.php(361): CodeIgniter\CodeIgniter->handleRequest(null, Object(Config\Cache), false)
 5 FCPATH\index.php(79): CodeIgniter\CodeIgniter->run()
CRITICAL - 2024-02-02 00:19:20 --> Error: Call to a member function getResult() on bool
in APPPATH\Models\modelHome.php on line 29.
 1 APPPATH\Controllers\Home.php(25): App\Models\modelHome->updateProveedor('1', '2')
 2 SYSTEMPATH\CodeIgniter.php(941): App\Controllers\Home->updateProveedor('1', '2')
 3 SYSTEMPATH\CodeIgniter.php(502): CodeIgniter\CodeIgniter->runController(Object(App\Controllers\Home))
 4 SYSTEMPATH\CodeIgniter.php(361): CodeIgniter\CodeIgniter->handleRequest(null, Object(Config\Cache), false)
 5 FCPATH\index.php(79): CodeIgniter\CodeIgniter->run()
CRITICAL - 2024-02-02 00:19:40 --> Error: Call to a member function getResult() on bool
in APPPATH\Models\modelHome.php on line 29.
 1 APPPATH\Controllers\Home.php(25): App\Models\modelHome->updateProveedor('3', '2')
 2 SYSTEMPATH\CodeIgniter.php(941): App\Controllers\Home->updateProveedor('3', '2')
 3 SYSTEMPATH\CodeIgniter.php(502): CodeIgniter\CodeIgniter->runController(Object(App\Controllers\Home))
 4 SYSTEMPATH\CodeIgniter.php(361): CodeIgniter\CodeIgniter->handleRequest(null, Object(Config\Cache), false)
 5 FCPATH\index.php(79): CodeIgniter\CodeIgniter->run()
CRITICAL - 2024-02-02 00:20:03 --> Error: Call to a member function getResult() on bool
in APPPATH\Models\modelHome.php on line 29.
 1 APPPATH\Controllers\Home.php(25): App\Models\modelHome->updateProveedor('1', '2')
 2 SYSTEMPATH\CodeIgniter.php(941): App\Controllers\Home->updateProveedor('1', '2')
 3 SYSTEMPATH\CodeIgniter.php(502): CodeIgniter\CodeIgniter->runController(Object(App\Controllers\Home))
 4 SYSTEMPATH\CodeIgniter.php(361): CodeIgniter\CodeIgniter->handleRequest(null, Object(Config\Cache), false)
 5 FCPATH\index.php(79): CodeIgniter\CodeIgniter->run()
CRITICAL - 2024-02-02 00:20:44 --> Error: Call to a member function getResult() on bool
in APPPATH\Models\modelHome.php on line 29.
 1 APPPATH\Controllers\Home.php(25): App\Models\modelHome->updateProveedor('3', '2')
 2 SYSTEMPATH\CodeIgniter.php(941): App\Controllers\Home->updateProveedor('3', '2')
 3 SYSTEMPATH\CodeIgniter.php(502): CodeIgniter\CodeIgniter->runController(Object(App\Controllers\Home))
 4 SYSTEMPATH\CodeIgniter.php(361): CodeIgniter\CodeIgniter->handleRequest(null, Object(Config\Cache), false)
 5 FCPATH\index.php(79): CodeIgniter\CodeIgniter->run()
CRITICAL - 2024-02-02 00:20:52 --> Error: Call to a member function getResult() on bool
in APPPATH\Models\modelHome.php on line 29.
 1 APPPATH\Controllers\Home.php(25): App\Models\modelHome->updateProveedor('1', '2')
 2 SYSTEMPATH\CodeIgniter.php(941): App\Controllers\Home->updateProveedor('1', '2')
 3 SYSTEMPATH\CodeIgniter.php(502): CodeIgniter\CodeIgniter->runController(Object(App\Controllers\Home))
 4 SYSTEMPATH\CodeIgniter.php(361): CodeIgniter\CodeIgniter->handleRequest(null, Object(Config\Cache), false)
 5 FCPATH\index.php(79): CodeIgniter\CodeIgniter->run()
CRITICAL - 2024-02-02 00:44:34 --> Error: Call to a member function getResult() on bool
in APPPATH\Models\modelHome.php on line 29.
 1 APPPATH\Controllers\Home.php(25): App\Models\modelHome->updateProveedor('2', '2')
 2 SYSTEMPATH\CodeIgniter.php(941): App\Controllers\Home->updateProveedor('2', '2')
 3 SYSTEMPATH\CodeIgniter.php(502): CodeIgniter\CodeIgniter->runController(Object(App\Controllers\Home))
 4 SYSTEMPATH\CodeIgniter.php(361): CodeIgniter\CodeIgniter->handleRequest(null, Object(Config\Cache), false)
 5 FCPATH\index.php(79): CodeIgniter\CodeIgniter->run()
CRITICAL - 2024-02-02 00:46:30 --> Error: Call to a member function getResult() on bool
in APPPATH\Models\modelHome.php on line 29.
 1 APPPATH\Controllers\Home.php(25): App\Models\modelHome->updateProveedor('1', '2')
 2 SYSTEMPATH\CodeIgniter.php(941): App\Controllers\Home->updateProveedor('1', '2')
 3 SYSTEMPATH\CodeIgniter.php(502): CodeIgniter\CodeIgniter->runController(Object(App\Controllers\Home))
 4 SYSTEMPATH\CodeIgniter.php(361): CodeIgniter\CodeIgniter->handleRequest(null, Object(Config\Cache), false)
 5 FCPATH\index.php(79): CodeIgniter\CodeIgniter->run()
CRITICAL - 2024-02-02 00:47:28 --> Error: Call to a member function getResult() on bool
in APPPATH\Models\modelHome.php on line 29.
 1 APPPATH\Controllers\Home.php(25): App\Models\modelHome->updateProveedor('2', '2')
 2 SYSTEMPATH\CodeIgniter.php(941): App\Controllers\Home->updateProveedor('2', '2')
 3 SYSTEMPATH\CodeIgniter.php(502): CodeIgniter\CodeIgniter->runController(Object(App\Controllers\Home))
 4 SYSTEMPATH\CodeIgniter.php(361): CodeIgniter\CodeIgniter->handleRequest(null, Object(Config\Cache), false)
 5 FCPATH\index.php(79): CodeIgniter\CodeIgniter->run()
