CRITICAL - 2024-02-01 00:05:05 --> ErrorException: Undefined variable $result
in APPPATH\Views\welcome_message.php on line 78.
 1 APPPATH\Views\welcome_message.php(78): CodeIgniter\Debug\Exceptions->errorHandler(2, 'Undefined variable $result', 'C:\\xampp\\htdocs\\repasoexamen\\app\\Views\\welcome_message.php', 78)
 2 SYSTEMPATH\View\View.php(228): include('C:\\xampp\\htdocs\\repasoexamen\\app\\Views\\welcome_message.php')
 3 SYSTEMPATH\View\View.php(231): CodeIgniter\View\View->CodeIgniter\View\{closure}()
 4 SYSTEMPATH\Common.php(1178): CodeIgniter\View\View->render('welcome_message', [], true)
 5 APPPATH\Controllers\Home.php(9): view('welcome_message')
 6 SYSTEMPATH\CodeIgniter.php(941): App\Controllers\Home->index()
 7 SYSTEMPATH\CodeIgniter.php(502): CodeIgniter\CodeIgniter->runController(Object(App\Controllers\Home))
 8 SYSTEMPATH\CodeIgniter.php(361): CodeIgniter\CodeIgniter->handleRequest(null, Object(Config\Cache), false)
 9 FCPATH\index.php(79): CodeIgniter\CodeIgniter->run()
CRITICAL - 2024-02-01 00:05:07 --> ErrorException: Undefined variable $result
in APPPATH\Views\welcome_message.php on line 78.
 1 APPPATH\Views\welcome_message.php(78): CodeIgniter\Debug\Exceptions->errorHandler(2, 'Undefined variable $result', 'C:\\xampp\\htdocs\\repasoexamen\\app\\Views\\welcome_message.php', 78)
 2 SYSTEMPATH\View\View.php(228): include('C:\\xampp\\htdocs\\repasoexamen\\app\\Views\\welcome_message.php')
 3 SYSTEMPATH\View\View.php(231): CodeIgniter\View\View->CodeIgniter\View\{closure}()
 4 SYSTEMPATH\Common.php(1178): CodeIgniter\View\View->render('welcome_message', [], true)
 5 APPPATH\Controllers\Home.php(9): view('welcome_message')
 6 SYSTEMPATH\CodeIgniter.php(941): App\Controllers\Home->index()
 7 SYSTEMPATH\CodeIgniter.php(502): CodeIgniter\CodeIgniter->runController(Object(App\Controllers\Home))
 8 SYSTEMPATH\CodeIgniter.php(361): CodeIgniter\CodeIgniter->handleRequest(null, Object(Config\Cache), false)
 9 FCPATH\index.php(79): CodeIgniter\CodeIgniter->run()
CRITICAL - 2024-02-01 00:07:30 --> mysqli_sql_exception: Table 'bdd_pymes.productos' doesn't exist
in APPPATH\Controllers\Home.php on line 11.
 1 APPPATH\Controllers\Home.php(11): mysqli->query('SELECT P.PROV_NOMBRE, C.CAT_NOMBRE, PR.PROD_NOMBRE FROM PRODUCTOS AS P INNER JOIN CATEGORIAS AS C ON P. ID_CATEGORIA = C.ID_CATEGORIA INNER JOIN PROVEEDORES AS PR ON P.ID_PROVEEDOR = PR.ID_PROVEEDOR')
 2 SYSTEMPATH\CodeIgniter.php(941): App\Controllers\Home->index()
 3 SYSTEMPATH\CodeIgniter.php(502): CodeIgniter\CodeIgniter->runController(Object(App\Controllers\Home))
 4 SYSTEMPATH\CodeIgniter.php(361): CodeIgniter\CodeIgniter->handleRequest(null, Object(Config\Cache), false)
 5 FCPATH\index.php(79): CodeIgniter\CodeIgniter->run()
CRITICAL - 2024-02-01 00:08:22 --> mysqli_sql_exception: Table 'bdd_pymes.productos' doesn't exist
in APPPATH\Controllers\Home.php on line 11.
 1 APPPATH\Controllers\Home.php(11): mysqli->query('SELECT P.PROV_NOMBRE, C.CAT_NOMBRE, PR.PROD_NOMBRE FROM PRODUCTOS AS P INNER JOIN CATEGORIAS AS C ON P. ID_CATEGORIA = C.ID_CATEGORIA INNER JOIN PROVEEDORES AS PR ON P.ID_PROVEEDOR = PR.ID_PROVEEDOR')
 2 SYSTEMPATH\CodeIgniter.php(941): App\Controllers\Home->index()
 3 SYSTEMPATH\CodeIgniter.php(502): CodeIgniter\CodeIgniter->runController(Object(App\Controllers\Home))
 4 SYSTEMPATH\CodeIgniter.php(361): CodeIgniter\CodeIgniter->handleRequest(null, Object(Config\Cache), false)
 5 FCPATH\index.php(79): CodeIgniter\CodeIgniter->run()
CRITICAL - 2024-02-01 00:08:23 --> mysqli_sql_exception: Table 'bdd_pymes.productos' doesn't exist
in APPPATH\Controllers\Home.php on line 11.
 1 APPPATH\Controllers\Home.php(11): mysqli->query('SELECT P.PROV_NOMBRE, C.CAT_NOMBRE, PR.PROD_NOMBRE FROM PRODUCTOS AS P INNER JOIN CATEGORIAS AS C ON P. ID_CATEGORIA = C.ID_CATEGORIA INNER JOIN PROVEEDORES AS PR ON P.ID_PROVEEDOR = PR.ID_PROVEEDOR')
 2 SYSTEMPATH\CodeIgniter.php(941): App\Controllers\Home->index()
 3 SYSTEMPATH\CodeIgniter.php(502): CodeIgniter\CodeIgniter->runController(Object(App\Controllers\Home))
 4 SYSTEMPATH\CodeIgniter.php(361): CodeIgniter\CodeIgniter->handleRequest(null, Object(Config\Cache), false)
 5 FCPATH\index.php(79): CodeIgniter\CodeIgniter->run()
CRITICAL - 2024-02-01 00:08:23 --> mysqli_sql_exception: Table 'bdd_pymes.productos' doesn't exist
in APPPATH\Controllers\Home.php on line 11.
 1 APPPATH\Controllers\Home.php(11): mysqli->query('SELECT P.PROV_NOMBRE, C.CAT_NOMBRE, PR.PROD_NOMBRE FROM PRODUCTOS AS P INNER JOIN CATEGORIAS AS C ON P. ID_CATEGORIA = C.ID_CATEGORIA INNER JOIN PROVEEDORES AS PR ON P.ID_PROVEEDOR = PR.ID_PROVEEDOR')
 2 SYSTEMPATH\CodeIgniter.php(941): App\Controllers\Home->index()
 3 SYSTEMPATH\CodeIgniter.php(502): CodeIgniter\CodeIgniter->runController(Object(App\Controllers\Home))
 4 SYSTEMPATH\CodeIgniter.php(361): CodeIgniter\CodeIgniter->handleRequest(null, Object(Config\Cache), false)
 5 FCPATH\index.php(79): CodeIgniter\CodeIgniter->run()
CRITICAL - 2024-02-01 00:08:23 --> mysqli_sql_exception: Table 'bdd_pymes.productos' doesn't exist
in APPPATH\Controllers\Home.php on line 11.
 1 APPPATH\Controllers\Home.php(11): mysqli->query('SELECT P.PROV_NOMBRE, C.CAT_NOMBRE, PR.PROD_NOMBRE FROM PRODUCTOS AS P INNER JOIN CATEGORIAS AS C ON P. ID_CATEGORIA = C.ID_CATEGORIA INNER JOIN PROVEEDORES AS PR ON P.ID_PROVEEDOR = PR.ID_PROVEEDOR')
 2 SYSTEMPATH\CodeIgniter.php(941): App\Controllers\Home->index()
 3 SYSTEMPATH\CodeIgniter.php(502): CodeIgniter\CodeIgniter->runController(Object(App\Controllers\Home))
 4 SYSTEMPATH\CodeIgniter.php(361): CodeIgniter\CodeIgniter->handleRequest(null, Object(Config\Cache), false)
 5 FCPATH\index.php(79): CodeIgniter\CodeIgniter->run()
CRITICAL - 2024-02-01 00:08:23 --> mysqli_sql_exception: Table 'bdd_pymes.productos' doesn't exist
in APPPATH\Controllers\Home.php on line 11.
 1 APPPATH\Controllers\Home.php(11): mysqli->query('SELECT P.PROV_NOMBRE, C.CAT_NOMBRE, PR.PROD_NOMBRE FROM PRODUCTOS AS P INNER JOIN CATEGORIAS AS C ON P. ID_CATEGORIA = C.ID_CATEGORIA INNER JOIN PROVEEDORES AS PR ON P.ID_PROVEEDOR = PR.ID_PROVEEDOR')
 2 SYSTEMPATH\CodeIgniter.php(941): App\Controllers\Home->index()
 3 SYSTEMPATH\CodeIgniter.php(502): CodeIgniter\CodeIgniter->runController(Object(App\Controllers\Home))
 4 SYSTEMPATH\CodeIgniter.php(361): CodeIgniter\CodeIgniter->handleRequest(null, Object(Config\Cache), false)
 5 FCPATH\index.php(79): CodeIgniter\CodeIgniter->run()
CRITICAL - 2024-02-01 00:13:21 --> ErrorException: Undefined property: stdClass::$PROD_ID
in APPPATH\Views\welcome_message.php on line 77.
 1 APPPATH\Views\welcome_message.php(77): CodeIgniter\Debug\Exceptions->errorHandler(2, 'Undefined property: stdClass::$PROD_ID', 'C:\\xampp\\htdocs\\repasoexamen\\app\\Views\\welcome_message.php', 77)
 2 SYSTEMPATH\View\View.php(228): include('C:\\xampp\\htdocs\\repasoexamen\\app\\Views\\welcome_message.php')
 3 SYSTEMPATH\View\View.php(231): CodeIgniter\View\View->CodeIgniter\View\{closure}()
 4 SYSTEMPATH\Common.php(1178): CodeIgniter\View\View->render('welcome_message', [], true)
 5 APPPATH\Controllers\Home.php(16): view('welcome_message', [...])
 6 SYSTEMPATH\CodeIgniter.php(941): App\Controllers\Home->index()
 7 SYSTEMPATH\CodeIgniter.php(502): CodeIgniter\CodeIgniter->runController(Object(App\Controllers\Home))
 8 SYSTEMPATH\CodeIgniter.php(361): CodeIgniter\CodeIgniter->handleRequest(null, Object(Config\Cache), false)
 9 FCPATH\index.php(79): CodeIgniter\CodeIgniter->run()
CRITICAL - 2024-02-01 00:13:37 --> ErrorException: Undefined property: stdClass::$PROD_ID
in APPPATH\Views\welcome_message.php on line 77.
 1 APPPATH\Views\welcome_message.php(77): CodeIgniter\Debug\Exceptions->errorHandler(2, 'Undefined property: stdClass::$PROD_ID', 'C:\\xampp\\htdocs\\repasoexamen\\app\\Views\\welcome_message.php', 77)
 2 SYSTEMPATH\View\View.php(228): include('C:\\xampp\\htdocs\\repasoexamen\\app\\Views\\welcome_message.php')
 3 SYSTEMPATH\View\View.php(231): CodeIgniter\View\View->CodeIgniter\View\{closure}()
 4 SYSTEMPATH\Common.php(1178): CodeIgniter\View\View->render('welcome_message', [], true)
 5 APPPATH\Controllers\Home.php(16): view('welcome_message', [...])
 6 SYSTEMPATH\CodeIgniter.php(941): App\Controllers\Home->index()
 7 SYSTEMPATH\CodeIgniter.php(502): CodeIgniter\CodeIgniter->runController(Object(App\Controllers\Home))
 8 SYSTEMPATH\CodeIgniter.php(361): CodeIgniter\CodeIgniter->handleRequest(null, Object(Config\Cache), false)
 9 FCPATH\index.php(79): CodeIgniter\CodeIgniter->run()
CRITICAL - 2024-02-01 00:14:42 --> ErrorException: Undefined property: stdClass::$PROD_ID
in APPPATH\Views\welcome_message.php on line 81.
 1 APPPATH\Views\welcome_message.php(81): CodeIgniter\Debug\Exceptions->errorHandler(2, 'Undefined property: stdClass::$PROD_ID', 'C:\\xampp\\htdocs\\repasoexamen\\app\\Views\\welcome_message.php', 81)
 2 SYSTEMPATH\View\View.php(228): include('C:\\xampp\\htdocs\\repasoexamen\\app\\Views\\welcome_message.php')
 3 SYSTEMPATH\View\View.php(231): CodeIgniter\View\View->CodeIgniter\View\{closure}()
 4 SYSTEMPATH\Common.php(1178): CodeIgniter\View\View->render('welcome_message', [], true)
 5 APPPATH\Controllers\Home.php(16): view('welcome_message', [...])
 6 SYSTEMPATH\CodeIgniter.php(941): App\Controllers\Home->index()
 7 SYSTEMPATH\CodeIgniter.php(502): CodeIgniter\CodeIgniter->runController(Object(App\Controllers\Home))
 8 SYSTEMPATH\CodeIgniter.php(361): CodeIgniter\CodeIgniter->handleRequest(null, Object(Config\Cache), false)
 9 FCPATH\index.php(79): CodeIgniter\CodeIgniter->run()
CRITICAL - 2024-02-01 00:15:43 --> Error: Cannot use object of type stdClass as array
in APPPATH\Views\welcome_message.php on line 76.
 1 SYSTEMPATH\View\View.php(228): include()
 2 SYSTEMPATH\View\View.php(231): CodeIgniter\View\View->CodeIgniter\View\{closure}()
 3 SYSTEMPATH\Common.php(1178): CodeIgniter\View\View->render('welcome_message', [], true)
 4 APPPATH\Controllers\Home.php(16): view('welcome_message', [...])
 5 SYSTEMPATH\CodeIgniter.php(941): App\Controllers\Home->index()
 6 SYSTEMPATH\CodeIgniter.php(502): CodeIgniter\CodeIgniter->runController(Object(App\Controllers\Home))
 7 SYSTEMPATH\CodeIgniter.php(361): CodeIgniter\CodeIgniter->handleRequest(null, Object(Config\Cache), false)
 8 FCPATH\index.php(79): CodeIgniter\CodeIgniter->run()
CRITICAL - 2024-02-01 00:15:51 --> Error: Cannot use object of type stdClass as array
in APPPATH\Views\welcome_message.php on line 76.
 1 SYSTEMPATH\View\View.php(228): include()
 2 SYSTEMPATH\View\View.php(231): CodeIgniter\View\View->CodeIgniter\View\{closure}()
 3 SYSTEMPATH\Common.php(1178): CodeIgniter\View\View->render('welcome_message', [], true)
 4 APPPATH\Controllers\Home.php(16): view('welcome_message', [...])
 5 SYSTEMPATH\CodeIgniter.php(941): App\Controllers\Home->index()
 6 SYSTEMPATH\CodeIgniter.php(502): CodeIgniter\CodeIgniter->runController(Object(App\Controllers\Home))
 7 SYSTEMPATH\CodeIgniter.php(361): CodeIgniter\CodeIgniter->handleRequest(null, Object(Config\Cache), false)
 8 FCPATH\index.php(79): CodeIgniter\CodeIgniter->run()
CRITICAL - 2024-02-01 00:15:51 --> Error: Cannot use object of type stdClass as array
in APPPATH\Views\welcome_message.php on line 76.
 1 SYSTEMPATH\View\View.php(228): include()
 2 SYSTEMPATH\View\View.php(231): CodeIgniter\View\View->CodeIgniter\View\{closure}()
 3 SYSTEMPATH\Common.php(1178): CodeIgniter\View\View->render('welcome_message', [], true)
 4 APPPATH\Controllers\Home.php(16): view('welcome_message', [...])
 5 SYSTEMPATH\CodeIgniter.php(941): App\Controllers\Home->index()
 6 SYSTEMPATH\CodeIgniter.php(502): CodeIgniter\CodeIgniter->runController(Object(App\Controllers\Home))
 7 SYSTEMPATH\CodeIgniter.php(361): CodeIgniter\CodeIgniter->handleRequest(null, Object(Config\Cache), false)
 8 FCPATH\index.php(79): CodeIgniter\CodeIgniter->run()
CRITICAL - 2024-02-01 00:15:51 --> Error: Cannot use object of type stdClass as array
in APPPATH\Views\welcome_message.php on line 76.
 1 SYSTEMPATH\View\View.php(228): include()
 2 SYSTEMPATH\View\View.php(231): CodeIgniter\View\View->CodeIgniter\View\{closure}()
 3 SYSTEMPATH\Common.php(1178): CodeIgniter\View\View->render('welcome_message', [], true)
 4 APPPATH\Controllers\Home.php(16): view('welcome_message', [...])
 5 SYSTEMPATH\CodeIgniter.php(941): App\Controllers\Home->index()
 6 SYSTEMPATH\CodeIgniter.php(502): CodeIgniter\CodeIgniter->runController(Object(App\Controllers\Home))
 7 SYSTEMPATH\CodeIgniter.php(361): CodeIgniter\CodeIgniter->handleRequest(null, Object(Config\Cache), false)
 8 FCPATH\index.php(79): CodeIgniter\CodeIgniter->run()
CRITICAL - 2024-02-01 00:15:51 --> Error: Cannot use object of type stdClass as array
in APPPATH\Views\welcome_message.php on line 76.
 1 SYSTEMPATH\View\View.php(228): include()
 2 SYSTEMPATH\View\View.php(231): CodeIgniter\View\View->CodeIgniter\View\{closure}()
 3 SYSTEMPATH\Common.php(1178): CodeIgniter\View\View->render('welcome_message', [], true)
 4 APPPATH\Controllers\Home.php(16): view('welcome_message', [...])
 5 SYSTEMPATH\CodeIgniter.php(941): App\Controllers\Home->index()
 6 SYSTEMPATH\CodeIgniter.php(502): CodeIgniter\CodeIgniter->runController(Object(App\Controllers\Home))
 7 SYSTEMPATH\CodeIgniter.php(361): CodeIgniter\CodeIgniter->handleRequest(null, Object(Config\Cache), false)
 8 FCPATH\index.php(79): CodeIgniter\CodeIgniter->run()
CRITICAL - 2024-02-01 00:15:52 --> Error: Cannot use object of type stdClass as array
in APPPATH\Views\welcome_message.php on line 76.
 1 SYSTEMPATH\View\View.php(228): include()
 2 SYSTEMPATH\View\View.php(231): CodeIgniter\View\View->CodeIgniter\View\{closure}()
 3 SYSTEMPATH\Common.php(1178): CodeIgniter\View\View->render('welcome_message', [], true)
 4 APPPATH\Controllers\Home.php(16): view('welcome_message', [...])
 5 SYSTEMPATH\CodeIgniter.php(941): App\Controllers\Home->index()
 6 SYSTEMPATH\CodeIgniter.php(502): CodeIgniter\CodeIgniter->runController(Object(App\Controllers\Home))
 7 SYSTEMPATH\CodeIgniter.php(361): CodeIgniter\CodeIgniter->handleRequest(null, Object(Config\Cache), false)
 8 FCPATH\index.php(79): CodeIgniter\CodeIgniter->run()
CRITICAL - 2024-02-01 00:15:52 --> Error: Cannot use object of type stdClass as array
in APPPATH\Views\welcome_message.php on line 76.
 1 SYSTEMPATH\View\View.php(228): include()
 2 SYSTEMPATH\View\View.php(231): CodeIgniter\View\View->CodeIgniter\View\{closure}()
 3 SYSTEMPATH\Common.php(1178): CodeIgniter\View\View->render('welcome_message', [], true)
 4 APPPATH\Controllers\Home.php(16): view('welcome_message', [...])
 5 SYSTEMPATH\CodeIgniter.php(941): App\Controllers\Home->index()
 6 SYSTEMPATH\CodeIgniter.php(502): CodeIgniter\CodeIgniter->runController(Object(App\Controllers\Home))
 7 SYSTEMPATH\CodeIgniter.php(361): CodeIgniter\CodeIgniter->handleRequest(null, Object(Config\Cache), false)
 8 FCPATH\index.php(79): CodeIgniter\CodeIgniter->run()
CRITICAL - 2024-02-01 00:16:29 --> Error: Cannot use object of type stdClass as array
in APPPATH\Views\welcome_message.php on line 76.
 1 SYSTEMPATH\View\View.php(228): include()
 2 SYSTEMPATH\View\View.php(231): CodeIgniter\View\View->CodeIgniter\View\{closure}()
 3 SYSTEMPATH\Common.php(1178): CodeIgniter\View\View->render('welcome_message', [], true)
 4 APPPATH\Controllers\Home.php(16): view('welcome_message', [...])
 5 SYSTEMPATH\CodeIgniter.php(941): App\Controllers\Home->index()
 6 SYSTEMPATH\CodeIgniter.php(502): CodeIgniter\CodeIgniter->runController(Object(App\Controllers\Home))
 7 SYSTEMPATH\CodeIgniter.php(361): CodeIgniter\CodeIgniter->handleRequest(null, Object(Config\Cache), false)
 8 FCPATH\index.php(79): CodeIgniter\CodeIgniter->run()
CRITICAL - 2024-02-01 00:16:30 --> Error: Cannot use object of type stdClass as array
in APPPATH\Views\welcome_message.php on line 76.
 1 SYSTEMPATH\View\View.php(228): include()
 2 SYSTEMPATH\View\View.php(231): CodeIgniter\View\View->CodeIgniter\View\{closure}()
 3 SYSTEMPATH\Common.php(1178): CodeIgniter\View\View->render('welcome_message', [], true)
 4 APPPATH\Controllers\Home.php(16): view('welcome_message', [...])
 5 SYSTEMPATH\CodeIgniter.php(941): App\Controllers\Home->index()
 6 SYSTEMPATH\CodeIgniter.php(502): CodeIgniter\CodeIgniter->runController(Object(App\Controllers\Home))
 7 SYSTEMPATH\CodeIgniter.php(361): CodeIgniter\CodeIgniter->handleRequest(null, Object(Config\Cache), false)
 8 FCPATH\index.php(79): CodeIgniter\CodeIgniter->run()
CRITICAL - 2024-02-01 00:17:12 --> ErrorException: Undefined property: stdClass::$PROD_ID
in APPPATH\Views\welcome_message.php on line 74.
 1 APPPATH\Views\welcome_message.php(74): CodeIgniter\Debug\Exceptions->errorHandler(2, 'Undefined property: stdClass::$PROD_ID', 'C:\\xampp\\htdocs\\repasoexamen\\app\\Views\\welcome_message.php', 74)
 2 SYSTEMPATH\View\View.php(228): include('C:\\xampp\\htdocs\\repasoexamen\\app\\Views\\welcome_message.php')
 3 SYSTEMPATH\View\View.php(231): CodeIgniter\View\View->CodeIgniter\View\{closure}()
 4 SYSTEMPATH\Common.php(1178): CodeIgniter\View\View->render('welcome_message', [], true)
 5 APPPATH\Controllers\Home.php(16): view('welcome_message', [...])
 6 SYSTEMPATH\CodeIgniter.php(941): App\Controllers\Home->index()
 7 SYSTEMPATH\CodeIgniter.php(502): CodeIgniter\CodeIgniter->runController(Object(App\Controllers\Home))
 8 SYSTEMPATH\CodeIgniter.php(361): CodeIgniter\CodeIgniter->handleRequest(null, Object(Config\Cache), false)
 9 FCPATH\index.php(79): CodeIgniter\CodeIgniter->run()
CRITICAL - 2024-02-01 00:17:13 --> ErrorException: Undefined property: stdClass::$PROD_ID
in APPPATH\Views\welcome_message.php on line 74.
 1 APPPATH\Views\welcome_message.php(74): CodeIgniter\Debug\Exceptions->errorHandler(2, 'Undefined property: stdClass::$PROD_ID', 'C:\\xampp\\htdocs\\repasoexamen\\app\\Views\\welcome_message.php', 74)
 2 SYSTEMPATH\View\View.php(228): include('C:\\xampp\\htdocs\\repasoexamen\\app\\Views\\welcome_message.php')
 3 SYSTEMPATH\View\View.php(231): CodeIgniter\View\View->CodeIgniter\View\{closure}()
 4 SYSTEMPATH\Common.php(1178): CodeIgniter\View\View->render('welcome_message', [], true)
 5 APPPATH\Controllers\Home.php(16): view('welcome_message', [...])
 6 SYSTEMPATH\CodeIgniter.php(941): App\Controllers\Home->index()
 7 SYSTEMPATH\CodeIgniter.php(502): CodeIgniter\CodeIgniter->runController(Object(App\Controllers\Home))
 8 SYSTEMPATH\CodeIgniter.php(361): CodeIgniter\CodeIgniter->handleRequest(null, Object(Config\Cache), false)
 9 FCPATH\index.php(79): CodeIgniter\CodeIgniter->run()
CRITICAL - 2024-02-01 00:17:20 --> ErrorException: Undefined property: stdClass::$PROD_ID
in APPPATH\Views\welcome_message.php on line 75.
 1 APPPATH\Views\welcome_message.php(75): CodeIgniter\Debug\Exceptions->errorHandler(2, 'Undefined property: stdClass::$PROD_ID', 'C:\\xampp\\htdocs\\repasoexamen\\app\\Views\\welcome_message.php', 75)
 2 SYSTEMPATH\View\View.php(228): include('C:\\xampp\\htdocs\\repasoexamen\\app\\Views\\welcome_message.php')
 3 SYSTEMPATH\View\View.php(231): CodeIgniter\View\View->CodeIgniter\View\{closure}()
 4 SYSTEMPATH\Common.php(1178): CodeIgniter\View\View->render('welcome_message', [], true)
 5 APPPATH\Controllers\Home.php(16): view('welcome_message', [...])
 6 SYSTEMPATH\CodeIgniter.php(941): App\Controllers\Home->index()
 7 SYSTEMPATH\CodeIgniter.php(502): CodeIgniter\CodeIgniter->runController(Object(App\Controllers\Home))
 8 SYSTEMPATH\CodeIgniter.php(361): CodeIgniter\CodeIgniter->handleRequest(null, Object(Config\Cache), false)
 9 FCPATH\index.php(79): CodeIgniter\CodeIgniter->run()
CRITICAL - 2024-02-01 00:17:20 --> ErrorException: Undefined property: stdClass::$PROD_ID
in APPPATH\Views\welcome_message.php on line 75.
 1 APPPATH\Views\welcome_message.php(75): CodeIgniter\Debug\Exceptions->errorHandler(2, 'Undefined property: stdClass::$PROD_ID', 'C:\\xampp\\htdocs\\repasoexamen\\app\\Views\\welcome_message.php', 75)
 2 SYSTEMPATH\View\View.php(228): include('C:\\xampp\\htdocs\\repasoexamen\\app\\Views\\welcome_message.php')
 3 SYSTEMPATH\View\View.php(231): CodeIgniter\View\View->CodeIgniter\View\{closure}()
 4 SYSTEMPATH\Common.php(1178): CodeIgniter\View\View->render('welcome_message', [], true)
 5 APPPATH\Controllers\Home.php(16): view('welcome_message', [...])
 6 SYSTEMPATH\CodeIgniter.php(941): App\Controllers\Home->index()
 7 SYSTEMPATH\CodeIgniter.php(502): CodeIgniter\CodeIgniter->runController(Object(App\Controllers\Home))
 8 SYSTEMPATH\CodeIgniter.php(361): CodeIgniter\CodeIgniter->handleRequest(null, Object(Config\Cache), false)
 9 FCPATH\index.php(79): CodeIgniter\CodeIgniter->run()
CRITICAL - 2024-02-01 00:17:20 --> ErrorException: Undefined property: stdClass::$PROD_ID
in APPPATH\Views\welcome_message.php on line 75.
 1 APPPATH\Views\welcome_message.php(75): CodeIgniter\Debug\Exceptions->errorHandler(2, 'Undefined property: stdClass::$PROD_ID', 'C:\\xampp\\htdocs\\repasoexamen\\app\\Views\\welcome_message.php', 75)
 2 SYSTEMPATH\View\View.php(228): include('C:\\xampp\\htdocs\\repasoexamen\\app\\Views\\welcome_message.php')
 3 SYSTEMPATH\View\View.php(231): CodeIgniter\View\View->CodeIgniter\View\{closure}()
 4 SYSTEMPATH\Common.php(1178): CodeIgniter\View\View->render('welcome_message', [], true)
 5 APPPATH\Controllers\Home.php(16): view('welcome_message', [...])
 6 SYSTEMPATH\CodeIgniter.php(941): App\Controllers\Home->index()
 7 SYSTEMPATH\CodeIgniter.php(502): CodeIgniter\CodeIgniter->runController(Object(App\Controllers\Home))
 8 SYSTEMPATH\CodeIgniter.php(361): CodeIgniter\CodeIgniter->handleRequest(null, Object(Config\Cache), false)
 9 FCPATH\index.php(79): CodeIgniter\CodeIgniter->run()
CRITICAL - 2024-02-01 00:17:20 --> ErrorException: Undefined property: stdClass::$PROD_ID
in APPPATH\Views\welcome_message.php on line 75.
 1 APPPATH\Views\welcome_message.php(75): CodeIgniter\Debug\Exceptions->errorHandler(2, 'Undefined property: stdClass::$PROD_ID', 'C:\\xampp\\htdocs\\repasoexamen\\app\\Views\\welcome_message.php', 75)
 2 SYSTEMPATH\View\View.php(228): include('C:\\xampp\\htdocs\\repasoexamen\\app\\Views\\welcome_message.php')
 3 SYSTEMPATH\View\View.php(231): CodeIgniter\View\View->CodeIgniter\View\{closure}()
 4 SYSTEMPATH\Common.php(1178): CodeIgniter\View\View->render('welcome_message', [], true)
 5 APPPATH\Controllers\Home.php(16): view('welcome_message', [...])
 6 SYSTEMPATH\CodeIgniter.php(941): App\Controllers\Home->index()
 7 SYSTEMPATH\CodeIgniter.php(502): CodeIgniter\CodeIgniter->runController(Object(App\Controllers\Home))
 8 SYSTEMPATH\CodeIgniter.php(361): CodeIgniter\CodeIgniter->handleRequest(null, Object(Config\Cache), false)
 9 FCPATH\index.php(79): CodeIgniter\CodeIgniter->run()
CRITICAL - 2024-02-01 00:17:21 --> ErrorException: Undefined property: stdClass::$PROD_ID
in APPPATH\Views\welcome_message.php on line 75.
 1 APPPATH\Views\welcome_message.php(75): CodeIgniter\Debug\Exceptions->errorHandler(2, 'Undefined property: stdClass::$PROD_ID', 'C:\\xampp\\htdocs\\repasoexamen\\app\\Views\\welcome_message.php', 75)
 2 SYSTEMPATH\View\View.php(228): include('C:\\xampp\\htdocs\\repasoexamen\\app\\Views\\welcome_message.php')
 3 SYSTEMPATH\View\View.php(231): CodeIgniter\View\View->CodeIgniter\View\{closure}()
 4 SYSTEMPATH\Common.php(1178): CodeIgniter\View\View->render('welcome_message', [], true)
 5 APPPATH\Controllers\Home.php(16): view('welcome_message', [...])
 6 SYSTEMPATH\CodeIgniter.php(941): App\Controllers\Home->index()
 7 SYSTEMPATH\CodeIgniter.php(502): CodeIgniter\CodeIgniter->runController(Object(App\Controllers\Home))
 8 SYSTEMPATH\CodeIgniter.php(361): CodeIgniter\CodeIgniter->handleRequest(null, Object(Config\Cache), false)
 9 FCPATH\index.php(79): CodeIgniter\CodeIgniter->run()
CRITICAL - 2024-02-01 00:17:21 --> ErrorException: Undefined property: stdClass::$PROD_ID
in APPPATH\Views\welcome_message.php on line 75.
 1 APPPATH\Views\welcome_message.php(75): CodeIgniter\Debug\Exceptions->errorHandler(2, 'Undefined property: stdClass::$PROD_ID', 'C:\\xampp\\htdocs\\repasoexamen\\app\\Views\\welcome_message.php', 75)
 2 SYSTEMPATH\View\View.php(228): include('C:\\xampp\\htdocs\\repasoexamen\\app\\Views\\welcome_message.php')
 3 SYSTEMPATH\View\View.php(231): CodeIgniter\View\View->CodeIgniter\View\{closure}()
 4 SYSTEMPATH\Common.php(1178): CodeIgniter\View\View->render('welcome_message', [], true)
 5 APPPATH\Controllers\Home.php(16): view('welcome_message', [...])
 6 SYSTEMPATH\CodeIgniter.php(941): App\Controllers\Home->index()
 7 SYSTEMPATH\CodeIgniter.php(502): CodeIgniter\CodeIgniter->runController(Object(App\Controllers\Home))
 8 SYSTEMPATH\CodeIgniter.php(361): CodeIgniter\CodeIgniter->handleRequest(null, Object(Config\Cache), false)
 9 FCPATH\index.php(79): CodeIgniter\CodeIgniter->run()
CRITICAL - 2024-02-01 00:17:59 --> ErrorException: Undefined property: stdClass::$PROD_ID
in APPPATH\Views\welcome_message.php on line 77.
 1 APPPATH\Views\welcome_message.php(77): CodeIgniter\Debug\Exceptions->errorHandler(2, 'Undefined property: stdClass::$PROD_ID', 'C:\\xampp\\htdocs\\repasoexamen\\app\\Views\\welcome_message.php', 77)
 2 SYSTEMPATH\View\View.php(228): include('C:\\xampp\\htdocs\\repasoexamen\\app\\Views\\welcome_message.php')
 3 SYSTEMPATH\View\View.php(231): CodeIgniter\View\View->CodeIgniter\View\{closure}()
 4 SYSTEMPATH\Common.php(1178): CodeIgniter\View\View->render('welcome_message', [], true)
 5 APPPATH\Controllers\Home.php(16): view('welcome_message', [...])
 6 SYSTEMPATH\CodeIgniter.php(941): App\Controllers\Home->index()
 7 SYSTEMPATH\CodeIgniter.php(502): CodeIgniter\CodeIgniter->runController(Object(App\Controllers\Home))
 8 SYSTEMPATH\CodeIgniter.php(361): CodeIgniter\CodeIgniter->handleRequest(null, Object(Config\Cache), false)
 9 FCPATH\index.php(79): CodeIgniter\CodeIgniter->run()
CRITICAL - 2024-02-01 00:18:07 --> ErrorException: Undefined property: stdClass::$PROD_ID
in APPPATH\Views\welcome_message.php on line 77.
 1 APPPATH\Views\welcome_message.php(77): CodeIgniter\Debug\Exceptions->errorHandler(2, 'Undefined property: stdClass::$PROD_ID', 'C:\\xampp\\htdocs\\repasoexamen\\app\\Views\\welcome_message.php', 77)
 2 SYSTEMPATH\View\View.php(228): include('C:\\xampp\\htdocs\\repasoexamen\\app\\Views\\welcome_message.php')
 3 SYSTEMPATH\View\View.php(231): CodeIgniter\View\View->CodeIgniter\View\{closure}()
 4 SYSTEMPATH\Common.php(1178): CodeIgniter\View\View->render('welcome_message', [], true)
 5 APPPATH\Controllers\Home.php(16): view('welcome_message', [...])
 6 SYSTEMPATH\CodeIgniter.php(941): App\Controllers\Home->index()
 7 SYSTEMPATH\CodeIgniter.php(502): CodeIgniter\CodeIgniter->runController(Object(App\Controllers\Home))
 8 SYSTEMPATH\CodeIgniter.php(361): CodeIgniter\CodeIgniter->handleRequest(null, Object(Config\Cache), false)
 9 FCPATH\index.php(79): CodeIgniter\CodeIgniter->run()
CRITICAL - 2024-02-01 00:18:07 --> ErrorException: Undefined property: stdClass::$PROD_ID
in APPPATH\Views\welcome_message.php on line 77.
 1 APPPATH\Views\welcome_message.php(77): CodeIgniter\Debug\Exceptions->errorHandler(2, 'Undefined property: stdClass::$PROD_ID', 'C:\\xampp\\htdocs\\repasoexamen\\app\\Views\\welcome_message.php', 77)
 2 SYSTEMPATH\View\View.php(228): include('C:\\xampp\\htdocs\\repasoexamen\\app\\Views\\welcome_message.php')
 3 SYSTEMPATH\View\View.php(231): CodeIgniter\View\View->CodeIgniter\View\{closure}()
 4 SYSTEMPATH\Common.php(1178): CodeIgniter\View\View->render('welcome_message', [], true)
 5 APPPATH\Controllers\Home.php(16): view('welcome_message', [...])
 6 SYSTEMPATH\CodeIgniter.php(941): App\Controllers\Home->index()
 7 SYSTEMPATH\CodeIgniter.php(502): CodeIgniter\CodeIgniter->runController(Object(App\Controllers\Home))
 8 SYSTEMPATH\CodeIgniter.php(361): CodeIgniter\CodeIgniter->handleRequest(null, Object(Config\Cache), false)
 9 FCPATH\index.php(79): CodeIgniter\CodeIgniter->run()
CRITICAL - 2024-02-01 00:18:07 --> ErrorException: Undefined property: stdClass::$PROD_ID
in APPPATH\Views\welcome_message.php on line 77.
 1 APPPATH\Views\welcome_message.php(77): CodeIgniter\Debug\Exceptions->errorHandler(2, 'Undefined property: stdClass::$PROD_ID', 'C:\\xampp\\htdocs\\repasoexamen\\app\\Views\\welcome_message.php', 77)
 2 SYSTEMPATH\View\View.php(228): include('C:\\xampp\\htdocs\\repasoexamen\\app\\Views\\welcome_message.php')
 3 SYSTEMPATH\View\View.php(231): CodeIgniter\View\View->CodeIgniter\View\{closure}()
 4 SYSTEMPATH\Common.php(1178): CodeIgniter\View\View->render('welcome_message', [], true)
 5 APPPATH\Controllers\Home.php(16): view('welcome_message', [...])
 6 SYSTEMPATH\CodeIgniter.php(941): App\Controllers\Home->index()
 7 SYSTEMPATH\CodeIgniter.php(502): CodeIgniter\CodeIgniter->runController(Object(App\Controllers\Home))
 8 SYSTEMPATH\CodeIgniter.php(361): CodeIgniter\CodeIgniter->handleRequest(null, Object(Config\Cache), false)
 9 FCPATH\index.php(79): CodeIgniter\CodeIgniter->run()
CRITICAL - 2024-02-01 00:18:16 --> ErrorException: Undefined property: stdClass::$PROD_ID
in APPPATH\Views\welcome_message.php on line 77.
 1 APPPATH\Views\welcome_message.php(77): CodeIgniter\Debug\Exceptions->errorHandler(2, 'Undefined property: stdClass::$PROD_ID', 'C:\\xampp\\htdocs\\repasoexamen\\app\\Views\\welcome_message.php', 77)
 2 SYSTEMPATH\View\View.php(228): include('C:\\xampp\\htdocs\\repasoexamen\\app\\Views\\welcome_message.php')
 3 SYSTEMPATH\View\View.php(231): CodeIgniter\View\View->CodeIgniter\View\{closure}()
 4 SYSTEMPATH\Common.php(1178): CodeIgniter\View\View->render('welcome_message', [], true)
 5 APPPATH\Controllers\Home.php(16): view('welcome_message', [...])
 6 SYSTEMPATH\CodeIgniter.php(941): App\Controllers\Home->index()
 7 SYSTEMPATH\CodeIgniter.php(502): CodeIgniter\CodeIgniter->runController(Object(App\Controllers\Home))
 8 SYSTEMPATH\CodeIgniter.php(361): CodeIgniter\CodeIgniter->handleRequest(null, Object(Config\Cache), false)
 9 FCPATH\index.php(79): CodeIgniter\CodeIgniter->run()
CRITICAL - 2024-02-01 00:18:20 --> ErrorException: Undefined property: stdClass::$PROD_ID
in APPPATH\Views\welcome_message.php on line 77.
 1 APPPATH\Views\welcome_message.php(77): CodeIgniter\Debug\Exceptions->errorHandler(2, 'Undefined property: stdClass::$PROD_ID', 'C:\\xampp\\htdocs\\repasoexamen\\app\\Views\\welcome_message.php', 77)
 2 SYSTEMPATH\View\View.php(228): include('C:\\xampp\\htdocs\\repasoexamen\\app\\Views\\welcome_message.php')
 3 SYSTEMPATH\View\View.php(231): CodeIgniter\View\View->CodeIgniter\View\{closure}()
 4 SYSTEMPATH\Common.php(1178): CodeIgniter\View\View->render('welcome_message', [], true)
 5 APPPATH\Controllers\Home.php(16): view('welcome_message', [...])
 6 SYSTEMPATH\CodeIgniter.php(941): App\Controllers\Home->index()
 7 SYSTEMPATH\CodeIgniter.php(502): CodeIgniter\CodeIgniter->runController(Object(App\Controllers\Home))
 8 SYSTEMPATH\CodeIgniter.php(361): CodeIgniter\CodeIgniter->handleRequest(null, Object(Config\Cache), false)
 9 FCPATH\index.php(79): CodeIgniter\CodeIgniter->run()
ERROR - 2024-02-01 00:24:36 --> mysqli_sql_exception: Unknown column 'P.PROD_ID' in 'field list' in C:\xampp\htdocs\repasoexamen\system\Database\MySQLi\Connection.php:306
Stack trace:
#0 C:\xampp\htdocs\repasoexamen\system\Database\MySQLi\Connection.php(306): mysqli->query('SELECT P.PROD_I...', 0)
#1 C:\xampp\htdocs\repasoexamen\system\Database\BaseConnection.php(693): CodeIgniter\Database\MySQLi\Connection->execute('SELECT P.PROD_I...')
#2 C:\xampp\htdocs\repasoexamen\system\Database\BaseConnection.php(607): CodeIgniter\Database\BaseConnection->simpleQuery('SELECT P.PROD_I...')
#3 C:\xampp\htdocs\repasoexamen\app\Models\modelHome.php(12): CodeIgniter\Database\BaseConnection->query('SELECT P.PROD_I...')
#4 C:\xampp\htdocs\repasoexamen\app\Controllers\Home.php(13): App\Models\modelHome->listarProductos()
#5 C:\xampp\htdocs\repasoexamen\system\CodeIgniter.php(941): App\Controllers\Home->index()
#6 C:\xampp\htdocs\repasoexamen\system\CodeIgniter.php(502): CodeIgniter\CodeIgniter->runController(Object(App\Controllers\Home))
#7 C:\xampp\htdocs\repasoexamen\system\CodeIgniter.php(361): CodeIgniter\CodeIgniter->handleRequest(NULL, Object(Config\Cache), false)
#8 C:\xampp\htdocs\repasoexamen\index.php(79): CodeIgniter\CodeIgniter->run()
#9 {main}
CRITICAL - 2024-02-01 00:24:36 --> CodeIgniter\Database\Exceptions\DatabaseException: Unknown column 'P.PROD_ID' in 'field list'
in SYSTEMPATH\Database\BaseConnection.php on line 647.
 1 APPPATH\Models\modelHome.php(12): CodeIgniter\Database\BaseConnection->query('SELECT P.PROD_ID, P.PROV_NOMBRE, C.CAT_NOMBRE, PR.PROD_NOMBRE
        FROM tbl_proveedor P
        JOIN tbl_productos PR ON P.PROV_ID = PR.PROV_ID
        JOIN tbl_categorias C ON PR.CAT_ID = C.CAT_ID')
 2 APPPATH\Controllers\Home.php(13): App\Models\modelHome->listarProductos()
 3 SYSTEMPATH\CodeIgniter.php(941): App\Controllers\Home->index()
 4 SYSTEMPATH\CodeIgniter.php(502): CodeIgniter\CodeIgniter->runController(Object(App\Controllers\Home))
 5 SYSTEMPATH\CodeIgniter.php(361): CodeIgniter\CodeIgniter->handleRequest(null, Object(Config\Cache), false)
 6 FCPATH\index.php(79): CodeIgniter\CodeIgniter->run()
CRITICAL - 2024-02-01 00:24:36 --> [Caused by] CodeIgniter\Database\Exceptions\DatabaseException: Unknown column 'P.PROD_ID' in 'field list'
in SYSTEMPATH\Database\MySQLi\Connection.php on line 311.
 1 SYSTEMPATH\Database\BaseConnection.php(693): CodeIgniter\Database\MySQLi\Connection->execute('SELECT P.PROD_ID, P.PROV_NOMBRE, C.CAT_NOMBRE, PR.PROD_NOMBRE
        FROM tbl_proveedor P
        JOIN tbl_productos PR ON P.PROV_ID = PR.PROV_ID
        JOIN tbl_categorias C ON PR.CAT_ID = C.CAT_ID')
 2 SYSTEMPATH\Database\BaseConnection.php(607): CodeIgniter\Database\BaseConnection->simpleQuery('SELECT P.PROD_ID, P.PROV_NOMBRE, C.CAT_NOMBRE, PR.PROD_NOMBRE
        FROM tbl_proveedor P
        JOIN tbl_productos PR ON P.PROV_ID = PR.PROV_ID
        JOIN tbl_categorias C ON PR.CAT_ID = C.CAT_ID')
 3 APPPATH\Models\modelHome.php(12): CodeIgniter\Database\BaseConnection->query('SELECT P.PROD_ID, P.PROV_NOMBRE, C.CAT_NOMBRE, PR.PROD_NOMBRE
        FROM tbl_proveedor P
        JOIN tbl_productos PR ON P.PROV_ID = PR.PROV_ID
        JOIN tbl_categorias C ON PR.CAT_ID = C.CAT_ID')
 4 APPPATH\Controllers\Home.php(13): App\Models\modelHome->listarProductos()
 5 SYSTEMPATH\CodeIgniter.php(941): App\Controllers\Home->index()
 6 SYSTEMPATH\CodeIgniter.php(502): CodeIgniter\CodeIgniter->runController(Object(App\Controllers\Home))
 7 SYSTEMPATH\CodeIgniter.php(361): CodeIgniter\CodeIgniter->handleRequest(null, Object(Config\Cache), false)
 8 FCPATH\index.php(79): CodeIgniter\CodeIgniter->run()
CRITICAL - 2024-02-01 00:24:36 --> [Caused by] mysqli_sql_exception: Unknown column 'P.PROD_ID' in 'field list'
in SYSTEMPATH\Database\MySQLi\Connection.php on line 306.
 1 SYSTEMPATH\Database\MySQLi\Connection.php(306): mysqli->query('SELECT P.PROD_ID, P.PROV_NOMBRE, C.CAT_NOMBRE, PR.PROD_NOMBRE
        FROM tbl_proveedor P
        JOIN tbl_productos PR ON P.PROV_ID = PR.PROV_ID
        JOIN tbl_categorias C ON PR.CAT_ID = C.CAT_ID', 0)
 2 SYSTEMPATH\Database\BaseConnection.php(693): CodeIgniter\Database\MySQLi\Connection->execute('SELECT P.PROD_ID, P.PROV_NOMBRE, C.CAT_NOMBRE, PR.PROD_NOMBRE
        FROM tbl_proveedor P
        JOIN tbl_productos PR ON P.PROV_ID = PR.PROV_ID
        JOIN tbl_categorias C ON PR.CAT_ID = C.CAT_ID')
 3 SYSTEMPATH\Database\BaseConnection.php(607): CodeIgniter\Database\BaseConnection->simpleQuery('SELECT P.PROD_ID, P.PROV_NOMBRE, C.CAT_NOMBRE, PR.PROD_NOMBRE
        FROM tbl_proveedor P
        JOIN tbl_productos PR ON P.PROV_ID = PR.PROV_ID
        JOIN tbl_categorias C ON PR.CAT_ID = C.CAT_ID')
 4 APPPATH\Models\modelHome.php(12): CodeIgniter\Database\BaseConnection->query('SELECT P.PROD_ID, P.PROV_NOMBRE, C.CAT_NOMBRE, PR.PROD_NOMBRE
        FROM tbl_proveedor P
        JOIN tbl_productos PR ON P.PROV_ID = PR.PROV_ID
        JOIN tbl_categorias C ON PR.CAT_ID = C.CAT_ID')
 5 APPPATH\Controllers\Home.php(13): App\Models\modelHome->listarProductos()
 6 SYSTEMPATH\CodeIgniter.php(941): App\Controllers\Home->index()
 7 SYSTEMPATH\CodeIgniter.php(502): CodeIgniter\CodeIgniter->runController(Object(App\Controllers\Home))
 8 SYSTEMPATH\CodeIgniter.php(361): CodeIgniter\CodeIgniter->handleRequest(null, Object(Config\Cache), false)
 9 FCPATH\index.php(79): CodeIgniter\CodeIgniter->run()
CRITICAL - 2024-02-01 00:29:26 --> ParseError: syntax error, unexpected token "}", expecting "("
in APPPATH\Models\modelHome.php on line 20.
 1 SYSTEMPATH\Autoloader\Autoloader.php(288): CodeIgniter\Autoloader\Autoloader->includeFile('C:\\xampp\\htdocs\\repasoexamen\\app\\Models\\modelHome.php')
 2 SYSTEMPATH\Autoloader\Autoloader.php(266): CodeIgniter\Autoloader\Autoloader->loadInNamespace('App\\Models\\modelHome')
 3 APPPATH\Controllers\Home.php(12): CodeIgniter\Autoloader\Autoloader->loadClass('App\\Models\\modelHome')
 4 SYSTEMPATH\CodeIgniter.php(941): App\Controllers\Home->index()
 5 SYSTEMPATH\CodeIgniter.php(502): CodeIgniter\CodeIgniter->runController(Object(App\Controllers\Home))
 6 SYSTEMPATH\CodeIgniter.php(361): CodeIgniter\CodeIgniter->handleRequest(null, Object(Config\Cache), false)
 7 FCPATH\index.php(79): CodeIgniter\CodeIgniter->run()
CRITICAL - 2024-02-01 00:37:18 --> ErrorException: Undefined property: stdClass::$PRO_ID
in APPPATH\Views\welcome_message.php on line 85.
 1 APPPATH\Views\welcome_message.php(85): CodeIgniter\Debug\Exceptions->errorHandler(2, 'Undefined property: stdClass::$PRO_ID', 'C:\\xampp\\htdocs\\repasoexamen\\app\\Views\\welcome_message.php', 85)
 2 SYSTEMPATH\View\View.php(228): include('C:\\xampp\\htdocs\\repasoexamen\\app\\Views\\welcome_message.php')
 3 SYSTEMPATH\View\View.php(231): CodeIgniter\View\View->CodeIgniter\View\{closure}()
 4 SYSTEMPATH\Common.php(1178): CodeIgniter\View\View->render('welcome_message', [], true)
 5 APPPATH\Controllers\Home.php(16): view('welcome_message', [...])
 6 SYSTEMPATH\CodeIgniter.php(941): App\Controllers\Home->index()
 7 SYSTEMPATH\CodeIgniter.php(502): CodeIgniter\CodeIgniter->runController(Object(App\Controllers\Home))
 8 SYSTEMPATH\CodeIgniter.php(361): CodeIgniter\CodeIgniter->handleRequest(null, Object(Config\Cache), false)
 9 FCPATH\index.php(79): CodeIgniter\CodeIgniter->run()
CRITICAL - 2024-02-01 00:37:37 --> ErrorException: Undefined property: stdClass::$PRO_ID
in APPPATH\Views\welcome_message.php on line 85.
 1 APPPATH\Views\welcome_message.php(85): CodeIgniter\Debug\Exceptions->errorHandler(2, 'Undefined property: stdClass::$PRO_ID', 'C:\\xampp\\htdocs\\repasoexamen\\app\\Views\\welcome_message.php', 85)
 2 SYSTEMPATH\View\View.php(228): include('C:\\xampp\\htdocs\\repasoexamen\\app\\Views\\welcome_message.php')
 3 SYSTEMPATH\View\View.php(231): CodeIgniter\View\View->CodeIgniter\View\{closure}()
 4 SYSTEMPATH\Common.php(1178): CodeIgniter\View\View->render('welcome_message', [], true)
 5 APPPATH\Controllers\Home.php(16): view('welcome_message', [...])
 6 SYSTEMPATH\CodeIgniter.php(941): App\Controllers\Home->index()
 7 SYSTEMPATH\CodeIgniter.php(502): CodeIgniter\CodeIgniter->runController(Object(App\Controllers\Home))
 8 SYSTEMPATH\CodeIgniter.php(361): CodeIgniter\CodeIgniter->handleRequest(null, Object(Config\Cache), false)
 9 FCPATH\index.php(79): CodeIgniter\CodeIgniter->run()
CRITICAL - 2024-02-01 00:38:09 --> ErrorException: Undefined property: stdClass::$PRO_ID
in APPPATH\Views\welcome_message.php on line 83.
 1 APPPATH\Views\welcome_message.php(83): CodeIgniter\Debug\Exceptions->errorHandler(2, 'Undefined property: stdClass::$PRO_ID', 'C:\\xampp\\htdocs\\repasoexamen\\app\\Views\\welcome_message.php', 83)
 2 SYSTEMPATH\View\View.php(228): include('C:\\xampp\\htdocs\\repasoexamen\\app\\Views\\welcome_message.php')
 3 SYSTEMPATH\View\View.php(231): CodeIgniter\View\View->CodeIgniter\View\{closure}()
 4 SYSTEMPATH\Common.php(1178): CodeIgniter\View\View->render('welcome_message', [], true)
 5 APPPATH\Controllers\Home.php(16): view('welcome_message', [...])
 6 SYSTEMPATH\CodeIgniter.php(941): App\Controllers\Home->index()
 7 SYSTEMPATH\CodeIgniter.php(502): CodeIgniter\CodeIgniter->runController(Object(App\Controllers\Home))
 8 SYSTEMPATH\CodeIgniter.php(361): CodeIgniter\CodeIgniter->handleRequest(null, Object(Config\Cache), false)
 9 FCPATH\index.php(79): CodeIgniter\CodeIgniter->run()
CRITICAL - 2024-02-01 00:38:10 --> ErrorException: Undefined property: stdClass::$PRO_ID
in APPPATH\Views\welcome_message.php on line 83.
 1 APPPATH\Views\welcome_message.php(83): CodeIgniter\Debug\Exceptions->errorHandler(2, 'Undefined property: stdClass::$PRO_ID', 'C:\\xampp\\htdocs\\repasoexamen\\app\\Views\\welcome_message.php', 83)
 2 SYSTEMPATH\View\View.php(228): include('C:\\xampp\\htdocs\\repasoexamen\\app\\Views\\welcome_message.php')
 3 SYSTEMPATH\View\View.php(231): CodeIgniter\View\View->CodeIgniter\View\{closure}()
 4 SYSTEMPATH\Common.php(1178): CodeIgniter\View\View->render('welcome_message', [], true)
 5 APPPATH\Controllers\Home.php(16): view('welcome_message', [...])
 6 SYSTEMPATH\CodeIgniter.php(941): App\Controllers\Home->index()
 7 SYSTEMPATH\CodeIgniter.php(502): CodeIgniter\CodeIgniter->runController(Object(App\Controllers\Home))
 8 SYSTEMPATH\CodeIgniter.php(361): CodeIgniter\CodeIgniter->handleRequest(null, Object(Config\Cache), false)
 9 FCPATH\index.php(79): CodeIgniter\CodeIgniter->run()
CRITICAL - 2024-02-01 00:38:10 --> ErrorException: Undefined property: stdClass::$PRO_ID
in APPPATH\Views\welcome_message.php on line 83.
 1 APPPATH\Views\welcome_message.php(83): CodeIgniter\Debug\Exceptions->errorHandler(2, 'Undefined property: stdClass::$PRO_ID', 'C:\\xampp\\htdocs\\repasoexamen\\app\\Views\\welcome_message.php', 83)
 2 SYSTEMPATH\View\View.php(228): include('C:\\xampp\\htdocs\\repasoexamen\\app\\Views\\welcome_message.php')
 3 SYSTEMPATH\View\View.php(231): CodeIgniter\View\View->CodeIgniter\View\{closure}()
 4 SYSTEMPATH\Common.php(1178): CodeIgniter\View\View->render('welcome_message', [], true)
 5 APPPATH\Controllers\Home.php(16): view('welcome_message', [...])
 6 SYSTEMPATH\CodeIgniter.php(941): App\Controllers\Home->index()
 7 SYSTEMPATH\CodeIgniter.php(502): CodeIgniter\CodeIgniter->runController(Object(App\Controllers\Home))
 8 SYSTEMPATH\CodeIgniter.php(361): CodeIgniter\CodeIgniter->handleRequest(null, Object(Config\Cache), false)
 9 FCPATH\index.php(79): CodeIgniter\CodeIgniter->run()
CRITICAL - 2024-02-01 00:38:10 --> ErrorException: Undefined property: stdClass::$PRO_ID
in APPPATH\Views\welcome_message.php on line 83.
 1 APPPATH\Views\welcome_message.php(83): CodeIgniter\Debug\Exceptions->errorHandler(2, 'Undefined property: stdClass::$PRO_ID', 'C:\\xampp\\htdocs\\repasoexamen\\app\\Views\\welcome_message.php', 83)
 2 SYSTEMPATH\View\View.php(228): include('C:\\xampp\\htdocs\\repasoexamen\\app\\Views\\welcome_message.php')
 3 SYSTEMPATH\View\View.php(231): CodeIgniter\View\View->CodeIgniter\View\{closure}()
 4 SYSTEMPATH\Common.php(1178): CodeIgniter\View\View->render('welcome_message', [], true)
 5 APPPATH\Controllers\Home.php(16): view('welcome_message', [...])
 6 SYSTEMPATH\CodeIgniter.php(941): App\Controllers\Home->index()
 7 SYSTEMPATH\CodeIgniter.php(502): CodeIgniter\CodeIgniter->runController(Object(App\Controllers\Home))
 8 SYSTEMPATH\CodeIgniter.php(361): CodeIgniter\CodeIgniter->handleRequest(null, Object(Config\Cache), false)
 9 FCPATH\index.php(79): CodeIgniter\CodeIgniter->run()
CRITICAL - 2024-02-01 00:38:18 --> ErrorException: Undefined property: stdClass::$PRO_ID
in APPPATH\Views\welcome_message.php on line 83.
 1 APPPATH\Views\welcome_message.php(83): CodeIgniter\Debug\Exceptions->errorHandler(2, 'Undefined property: stdClass::$PRO_ID', 'C:\\xampp\\htdocs\\repasoexamen\\app\\Views\\welcome_message.php', 83)
 2 SYSTEMPATH\View\View.php(228): include('C:\\xampp\\htdocs\\repasoexamen\\app\\Views\\welcome_message.php')
 3 SYSTEMPATH\View\View.php(231): CodeIgniter\View\View->CodeIgniter\View\{closure}()
 4 SYSTEMPATH\Common.php(1178): CodeIgniter\View\View->render('welcome_message', [], true)
 5 APPPATH\Controllers\Home.php(16): view('welcome_message', [...])
 6 SYSTEMPATH\CodeIgniter.php(941): App\Controllers\Home->index()
 7 SYSTEMPATH\CodeIgniter.php(502): CodeIgniter\CodeIgniter->runController(Object(App\Controllers\Home))
 8 SYSTEMPATH\CodeIgniter.php(361): CodeIgniter\CodeIgniter->handleRequest(null, Object(Config\Cache), false)
 9 FCPATH\index.php(79): CodeIgniter\CodeIgniter->run()
CRITICAL - 2024-02-01 00:38:19 --> ErrorException: Undefined property: stdClass::$PRO_ID
in APPPATH\Views\welcome_message.php on line 83.
 1 APPPATH\Views\welcome_message.php(83): CodeIgniter\Debug\Exceptions->errorHandler(2, 'Undefined property: stdClass::$PRO_ID', 'C:\\xampp\\htdocs\\repasoexamen\\app\\Views\\welcome_message.php', 83)
 2 SYSTEMPATH\View\View.php(228): include('C:\\xampp\\htdocs\\repasoexamen\\app\\Views\\welcome_message.php')
 3 SYSTEMPATH\View\View.php(231): CodeIgniter\View\View->CodeIgniter\View\{closure}()
 4 SYSTEMPATH\Common.php(1178): CodeIgniter\View\View->render('welcome_message', [], true)
 5 APPPATH\Controllers\Home.php(16): view('welcome_message', [...])
 6 SYSTEMPATH\CodeIgniter.php(941): App\Controllers\Home->index()
 7 SYSTEMPATH\CodeIgniter.php(502): CodeIgniter\CodeIgniter->runController(Object(App\Controllers\Home))
 8 SYSTEMPATH\CodeIgniter.php(361): CodeIgniter\CodeIgniter->handleRequest(null, Object(Config\Cache), false)
 9 FCPATH\index.php(79): CodeIgniter\CodeIgniter->run()
CRITICAL - 2024-02-01 00:38:19 --> ErrorException: Undefined property: stdClass::$PRO_ID
in APPPATH\Views\welcome_message.php on line 83.
 1 APPPATH\Views\welcome_message.php(83): CodeIgniter\Debug\Exceptions->errorHandler(2, 'Undefined property: stdClass::$PRO_ID', 'C:\\xampp\\htdocs\\repasoexamen\\app\\Views\\welcome_message.php', 83)
 2 SYSTEMPATH\View\View.php(228): include('C:\\xampp\\htdocs\\repasoexamen\\app\\Views\\welcome_message.php')
 3 SYSTEMPATH\View\View.php(231): CodeIgniter\View\View->CodeIgniter\View\{closure}()
 4 SYSTEMPATH\Common.php(1178): CodeIgniter\View\View->render('welcome_message', [], true)
 5 APPPATH\Controllers\Home.php(16): view('welcome_message', [...])
 6 SYSTEMPATH\CodeIgniter.php(941): App\Controllers\Home->index()
 7 SYSTEMPATH\CodeIgniter.php(502): CodeIgniter\CodeIgniter->runController(Object(App\Controllers\Home))
 8 SYSTEMPATH\CodeIgniter.php(361): CodeIgniter\CodeIgniter->handleRequest(null, Object(Config\Cache), false)
 9 FCPATH\index.php(79): CodeIgniter\CodeIgniter->run()
CRITICAL - 2024-02-01 00:38:19 --> ErrorException: Undefined property: stdClass::$PRO_ID
in APPPATH\Views\welcome_message.php on line 83.
 1 APPPATH\Views\welcome_message.php(83): CodeIgniter\Debug\Exceptions->errorHandler(2, 'Undefined property: stdClass::$PRO_ID', 'C:\\xampp\\htdocs\\repasoexamen\\app\\Views\\welcome_message.php', 83)
 2 SYSTEMPATH\View\View.php(228): include('C:\\xampp\\htdocs\\repasoexamen\\app\\Views\\welcome_message.php')
 3 SYSTEMPATH\View\View.php(231): CodeIgniter\View\View->CodeIgniter\View\{closure}()
 4 SYSTEMPATH\Common.php(1178): CodeIgniter\View\View->render('welcome_message', [], true)
 5 APPPATH\Controllers\Home.php(16): view('welcome_message', [...])
 6 SYSTEMPATH\CodeIgniter.php(941): App\Controllers\Home->index()
 7 SYSTEMPATH\CodeIgniter.php(502): CodeIgniter\CodeIgniter->runController(Object(App\Controllers\Home))
 8 SYSTEMPATH\CodeIgniter.php(361): CodeIgniter\CodeIgniter->handleRequest(null, Object(Config\Cache), false)
 9 FCPATH\index.php(79): CodeIgniter\CodeIgniter->run()
CRITICAL - 2024-02-01 00:38:19 --> ErrorException: Undefined property: stdClass::$PRO_ID
in APPPATH\Views\welcome_message.php on line 83.
 1 APPPATH\Views\welcome_message.php(83): CodeIgniter\Debug\Exceptions->errorHandler(2, 'Undefined property: stdClass::$PRO_ID', 'C:\\xampp\\htdocs\\repasoexamen\\app\\Views\\welcome_message.php', 83)
 2 SYSTEMPATH\View\View.php(228): include('C:\\xampp\\htdocs\\repasoexamen\\app\\Views\\welcome_message.php')
 3 SYSTEMPATH\View\View.php(231): CodeIgniter\View\View->CodeIgniter\View\{closure}()
 4 SYSTEMPATH\Common.php(1178): CodeIgniter\View\View->render('welcome_message', [], true)
 5 APPPATH\Controllers\Home.php(16): view('welcome_message', [...])
 6 SYSTEMPATH\CodeIgniter.php(941): App\Controllers\Home->index()
 7 SYSTEMPATH\CodeIgniter.php(502): CodeIgniter\CodeIgniter->runController(Object(App\Controllers\Home))
 8 SYSTEMPATH\CodeIgniter.php(361): CodeIgniter\CodeIgniter->handleRequest(null, Object(Config\Cache), false)
 9 FCPATH\index.php(79): CodeIgniter\CodeIgniter->run()
CRITICAL - 2024-02-01 00:38:38 --> ErrorException: Undefined property: stdClass::$PRO_ID
in APPPATH\Views\welcome_message.php on line 83.
 1 APPPATH\Views\welcome_message.php(83): CodeIgniter\Debug\Exceptions->errorHandler(2, 'Undefined property: stdClass::$PRO_ID', 'C:\\xampp\\htdocs\\repasoexamen\\app\\Views\\welcome_message.php', 83)
 2 SYSTEMPATH\View\View.php(228): include('C:\\xampp\\htdocs\\repasoexamen\\app\\Views\\welcome_message.php')
 3 SYSTEMPATH\View\View.php(231): CodeIgniter\View\View->CodeIgniter\View\{closure}()
 4 SYSTEMPATH\Common.php(1178): CodeIgniter\View\View->render('welcome_message', [], true)
 5 APPPATH\Controllers\Home.php(16): view('welcome_message', [...])
 6 SYSTEMPATH\CodeIgniter.php(941): App\Controllers\Home->index()
 7 SYSTEMPATH\CodeIgniter.php(502): CodeIgniter\CodeIgniter->runController(Object(App\Controllers\Home))
 8 SYSTEMPATH\CodeIgniter.php(361): CodeIgniter\CodeIgniter->handleRequest(null, Object(Config\Cache), false)
 9 FCPATH\index.php(79): CodeIgniter\CodeIgniter->run()
CRITICAL - 2024-02-01 00:38:39 --> ErrorException: Undefined property: stdClass::$PRO_ID
in APPPATH\Views\welcome_message.php on line 83.
 1 APPPATH\Views\welcome_message.php(83): CodeIgniter\Debug\Exceptions->errorHandler(2, 'Undefined property: stdClass::$PRO_ID', 'C:\\xampp\\htdocs\\repasoexamen\\app\\Views\\welcome_message.php', 83)
 2 SYSTEMPATH\View\View.php(228): include('C:\\xampp\\htdocs\\repasoexamen\\app\\Views\\welcome_message.php')
 3 SYSTEMPATH\View\View.php(231): CodeIgniter\View\View->CodeIgniter\View\{closure}()
 4 SYSTEMPATH\Common.php(1178): CodeIgniter\View\View->render('welcome_message', [], true)
 5 APPPATH\Controllers\Home.php(16): view('welcome_message', [...])
 6 SYSTEMPATH\CodeIgniter.php(941): App\Controllers\Home->index()
 7 SYSTEMPATH\CodeIgniter.php(502): CodeIgniter\CodeIgniter->runController(Object(App\Controllers\Home))
 8 SYSTEMPATH\CodeIgniter.php(361): CodeIgniter\CodeIgniter->handleRequest(null, Object(Config\Cache), false)
 9 FCPATH\index.php(79): CodeIgniter\CodeIgniter->run()
CRITICAL - 2024-02-01 00:40:33 --> ParseError: syntax error, unexpected double-quoted string " />", expecting "," or ";"
in APPPATH\Views\welcome_message.php on line 13.
 1 SYSTEMPATH\View\View.php(231): CodeIgniter\View\View->CodeIgniter\View\{closure}()
 2 SYSTEMPATH\Common.php(1178): CodeIgniter\View\View->render('welcome_message', [], true)
 3 APPPATH\Controllers\Home.php(16): view('welcome_message', [...])
 4 SYSTEMPATH\CodeIgniter.php(941): App\Controllers\Home->index()
 5 SYSTEMPATH\CodeIgniter.php(502): CodeIgniter\CodeIgniter->runController(Object(App\Controllers\Home))
 6 SYSTEMPATH\CodeIgniter.php(361): CodeIgniter\CodeIgniter->handleRequest(null, Object(Config\Cache), false)
 7 FCPATH\index.php(79): CodeIgniter\CodeIgniter->run()
CRITICAL - 2024-02-01 00:53:56 --> ParseError: syntax error, unexpected token "(", expecting identifier or variable or "{" or "$"
in APPPATH\Controllers\Home.php on line 21.
 1 SYSTEMPATH\Autoloader\Autoloader.php(288): CodeIgniter\Autoloader\Autoloader->includeFile('C:\\xampp\\htdocs\\repasoexamen\\app\\Controllers\\Home.php')
 2 SYSTEMPATH\Autoloader\Autoloader.php(266): CodeIgniter\Autoloader\Autoloader->loadInNamespace('App\\Controllers\\Home')
 3 [internal function]: CodeIgniter\Autoloader\Autoloader->loadClass('App\\Controllers\\Home')
 4 SYSTEMPATH\CodeIgniter.php(899): class_exists('\\App\\Controllers\\Home', true)
 5 SYSTEMPATH\CodeIgniter.php(489): CodeIgniter\CodeIgniter->startController()
 6 SYSTEMPATH\CodeIgniter.php(361): CodeIgniter\CodeIgniter->handleRequest(null, Object(Config\Cache), false)
 7 FCPATH\index.php(79): CodeIgniter\CodeIgniter->run()
CRITICAL - 2024-02-01 00:54:40 --> ParseError: syntax error, unexpected token "(", expecting identifier or variable or "{" or "$"
in APPPATH\Controllers\Home.php on line 21.
 1 SYSTEMPATH\Autoloader\Autoloader.php(288): CodeIgniter\Autoloader\Autoloader->includeFile('C:\\xampp\\htdocs\\repasoexamen\\app\\Controllers\\Home.php')
 2 SYSTEMPATH\Autoloader\Autoloader.php(266): CodeIgniter\Autoloader\Autoloader->loadInNamespace('App\\Controllers\\Home')
 3 [internal function]: CodeIgniter\Autoloader\Autoloader->loadClass('App\\Controllers\\Home')
 4 SYSTEMPATH\CodeIgniter.php(899): class_exists('\\App\\Controllers\\Home', true)
 5 SYSTEMPATH\CodeIgniter.php(489): CodeIgniter\CodeIgniter->startController()
 6 SYSTEMPATH\CodeIgniter.php(361): CodeIgniter\CodeIgniter->handleRequest(null, Object(Config\Cache), false)
 7 FCPATH\index.php(79): CodeIgniter\CodeIgniter->run()
CRITICAL - 2024-02-01 00:54:41 --> ParseError: syntax error, unexpected token "(", expecting identifier or variable or "{" or "$"
in APPPATH\Controllers\Home.php on line 21.
 1 SYSTEMPATH\Autoloader\Autoloader.php(288): CodeIgniter\Autoloader\Autoloader->includeFile('C:\\xampp\\htdocs\\repasoexamen\\app\\Controllers\\Home.php')
 2 SYSTEMPATH\Autoloader\Autoloader.php(266): CodeIgniter\Autoloader\Autoloader->loadInNamespace('App\\Controllers\\Home')
 3 [internal function]: CodeIgniter\Autoloader\Autoloader->loadClass('App\\Controllers\\Home')
 4 SYSTEMPATH\CodeIgniter.php(899): class_exists('\\App\\Controllers\\Home', true)
 5 SYSTEMPATH\CodeIgniter.php(489): CodeIgniter\CodeIgniter->startController()
 6 SYSTEMPATH\CodeIgniter.php(361): CodeIgniter\CodeIgniter->handleRequest(null, Object(Config\Cache), false)
 7 FCPATH\index.php(79): CodeIgniter\CodeIgniter->run()
CRITICAL - 2024-02-01 00:54:41 --> ParseError: syntax error, unexpected token "(", expecting identifier or variable or "{" or "$"
in APPPATH\Controllers\Home.php on line 21.
 1 SYSTEMPATH\Autoloader\Autoloader.php(288): CodeIgniter\Autoloader\Autoloader->includeFile('C:\\xampp\\htdocs\\repasoexamen\\app\\Controllers\\Home.php')
 2 SYSTEMPATH\Autoloader\Autoloader.php(266): CodeIgniter\Autoloader\Autoloader->loadInNamespace('App\\Controllers\\Home')
 3 [internal function]: CodeIgniter\Autoloader\Autoloader->loadClass('App\\Controllers\\Home')
 4 SYSTEMPATH\CodeIgniter.php(899): class_exists('\\App\\Controllers\\Home', true)
 5 SYSTEMPATH\CodeIgniter.php(489): CodeIgniter\CodeIgniter->startController()
 6 SYSTEMPATH\CodeIgniter.php(361): CodeIgniter\CodeIgniter->handleRequest(null, Object(Config\Cache), false)
 7 FCPATH\index.php(79): CodeIgniter\CodeIgniter->run()
CRITICAL - 2024-02-01 21:48:08 --> ErrorException: Undefined property: stdClass::$PROV_ID
in APPPATH\Views\welcome_message.php on line 111.
 1 APPPATH\Views\welcome_message.php(111): CodeIgniter\Debug\Exceptions->errorHandler(2, 'Undefined property: stdClass::$PROV_ID', 'C:\\xampp\\htdocs\\repasoexamen\\app\\Views\\welcome_message.php', 111)
 2 SYSTEMPATH\View\View.php(228): include('C:\\xampp\\htdocs\\repasoexamen\\app\\Views\\welcome_message.php')
 3 SYSTEMPATH\View\View.php(231): CodeIgniter\View\View->CodeIgniter\View\{closure}()
 4 SYSTEMPATH\Common.php(1178): CodeIgniter\View\View->render('welcome_message', [], true)
 5 APPPATH\Controllers\Home.php(19): view('welcome_message', [...])
 6 SYSTEMPATH\CodeIgniter.php(941): App\Controllers\Home->index()
 7 SYSTEMPATH\CodeIgniter.php(502): CodeIgniter\CodeIgniter->runController(Object(App\Controllers\Home))
 8 SYSTEMPATH\CodeIgniter.php(361): CodeIgniter\CodeIgniter->handleRequest(null, Object(Config\Cache), false)
 9 FCPATH\index.php(79): CodeIgniter\CodeIgniter->run()
CRITICAL - 2024-02-01 23:50:11 --> Error: Call to a member function getResult() on bool
in APPPATH\Models\modelHome.php on line 27.
 1 APPPATH\Controllers\Home.php(24): App\Models\modelHome->updateProveedor('1', '1')
 2 SYSTEMPATH\CodeIgniter.php(941): App\Controllers\Home->updateProveedor('1', '1')
 3 SYSTEMPATH\CodeIgniter.php(502): CodeIgniter\CodeIgniter->runController(Object(App\Controllers\Home))
 4 SYSTEMPATH\CodeIgniter.php(361): CodeIgniter\CodeIgniter->handleRequest(null, Object(Config\Cache), false)
 5 FCPATH\index.php(79): CodeIgniter\CodeIgniter->run()
CRITICAL - 2024-02-01 23:52:12 --> Error: Call to a member function getResult() on bool
in APPPATH\Models\modelHome.php on line 27.
 1 APPPATH\Controllers\Home.php(24): App\Models\modelHome->updateProveedor('1', '1')
 2 SYSTEMPATH\CodeIgniter.php(941): App\Controllers\Home->updateProveedor('1', '1')
 3 SYSTEMPATH\CodeIgniter.php(502): CodeIgniter\CodeIgniter->runController(Object(App\Controllers\Home))
 4 SYSTEMPATH\CodeIgniter.php(361): CodeIgniter\CodeIgniter->handleRequest(null, Object(Config\Cache), false)
 5 FCPATH\index.php(79): CodeIgniter\CodeIgniter->run()
CRITICAL - 2024-02-01 23:52:16 --> Error: Call to a member function getResult() on bool
in APPPATH\Models\modelHome.php on line 27.
 1 APPPATH\Controllers\Home.php(24): App\Models\modelHome->updateProveedor('2', '1')
 2 SYSTEMPATH\CodeIgniter.php(941): App\Controllers\Home->updateProveedor('2', '1')
 3 SYSTEMPATH\CodeIgniter.php(502): CodeIgniter\CodeIgniter->runController(Object(App\Controllers\Home))
 4 SYSTEMPATH\CodeIgniter.php(361): CodeIgniter\CodeIgniter->handleRequest(null, Object(Config\Cache), false)
 5 FCPATH\index.php(79): CodeIgniter\CodeIgniter->run()
CRITICAL - 2024-02-01 23:59:37 --> Error: Call to a member function getResult() on bool
in APPPATH\Models\modelHome.php on line 27.
 1 APPPATH\Controllers\Home.php(24): App\Models\modelHome->updateProveedor('3', '1')
 2 SYSTEMPATH\CodeIgniter.php(941): App\Controllers\Home->updateProveedor('3', '1')
 3 SYSTEMPATH\CodeIgniter.php(502): CodeIgniter\CodeIgniter->runController(Object(App\Controllers\Home))
 4 SYSTEMPATH\CodeIgniter.php(361): CodeIgniter\CodeIgniter->handleRequest(null, Object(Config\Cache), false)
 5 FCPATH\index.php(79): CodeIgniter\CodeIgniter->run()
